In file included from [01m[K/opt/ros/noetic/include/ros/ros.h:40[m[K,
                 from [01m[K/home/ruiyang/catkin_ws/src/path_generator/src/sim_path.cpp:1[m[K:
[01m[K/home/ruiyang/catkin_ws/src/path_generator/src/sim_path.cpp:[m[K In function ‘[01m[Kvoid pathCallback(const Path&)[m[K’:
[01m[K/home/ruiyang/catkin_ws/src/path_generator/src/sim_path.cpp:18:28:[m[K [01;31m[Kerror: [m[Kno matching function for call to ‘[01m[Kto_string(geometry_msgs::PoseStamped&)[m[K’
   18 |   ROS_INFO(to_string(arr[i][01;31m[K)[m[K);
      |                            [01;31m[K^[m[K
[01m[K/opt/ros/noetic/include/ros/console.h:351:165:[m[K [01;36m[Knote: [m[Kin definition of macro ‘[01m[KROSCONSOLE_PRINT_AT_LOCATION_WITH_FILTER[m[K’
  351 |     ::ros::console::print(filter, __rosconsole_define_location__loc.logger_, __rosconsole_define_location__loc.level_, __FILE__, __LINE__, __ROSCONSOLE_FUNCTION__, [01;36m[K__VA_ARGS__[m[K)
      |                                                                                                                                                                     [01;36m[K^~~~~~~~~~~[m[K
[01m[K/opt/ros/noetic/include/ros/console.h:390:7:[m[K [01;36m[Knote: [m[Kin expansion of macro ‘[01m[KROSCONSOLE_PRINT_AT_LOCATION[m[K’
  390 |       [01;36m[KROSCONSOLE_PRINT_AT_LOCATION[m[K(__VA_ARGS__); \
      |       [01;36m[K^~~~~~~~~~~~~~~~~~~~~~~~~~~~[m[K
[01m[K/opt/ros/noetic/include/ros/console.h:575:35:[m[K [01;36m[Knote: [m[Kin expansion of macro ‘[01m[KROS_LOG_COND[m[K’
  575 | #define ROS_LOG(level, name, ...) [01;36m[KROS_LOG_COND[m[K(true, level, name, __VA_ARGS__)
      |                                   [01;36m[K^~~~~~~~~~~~[m[K
[01m[K/opt/ros/noetic/include/rosconsole/macros_generated.h:110:23:[m[K [01;36m[Knote: [m[Kin expansion of macro ‘[01m[KROS_LOG[m[K’
  110 | #define ROS_INFO(...) [01;36m[KROS_LOG[m[K(::ros::console::levels::Info, ROSCONSOLE_DEFAULT_NAME, __VA_ARGS__)
      |                       [01;36m[K^~~~~~~[m[K
[01m[K/home/ruiyang/catkin_ws/src/path_generator/src/sim_path.cpp:18:3:[m[K [01;36m[Knote: [m[Kin expansion of macro ‘[01m[KROS_INFO[m[K’
   18 |   [01;36m[KROS_INFO[m[K(to_string(arr[i]));
      |   [01;36m[K^~~~~~~~[m[K
In file included from [01m[K/usr/include/c++/9/string:55[m[K,
                 from [01m[K/opt/ros/noetic/include/ros/platform.h:38[m[K,
                 from [01m[K/opt/ros/noetic/include/ros/time.h:53[m[K,
                 from [01m[K/opt/ros/noetic/include/ros/ros.h:38[m[K,
                 from [01m[K/home/ruiyang/catkin_ws/src/path_generator/src/sim_path.cpp:1[m[K:
[01m[K/usr/include/c++/9/bits/basic_string.h:6546:3:[m[K [01;36m[Knote: [m[Kcandidate: ‘[01m[Kstd::string std::__cxx11::to_string(int)[m[K’
 6546 |   [01;36m[Kto_string[m[K(int __val)
      |   [01;36m[K^~~~~~~~~[m[K
[01m[K/usr/include/c++/9/bits/basic_string.h:6546:17:[m[K [01;36m[Knote: [m[K  no known conversion for argument 1 from ‘[01m[Kgeometry_msgs::PoseStamped[m[K’ {aka ‘[01m[Kgeometry_msgs::PoseStamped_<std::allocator<void> >[m[K’} to ‘[01m[Kint[m[K’
 6546 |   to_string([01;36m[Kint __val[m[K)
      |             [01;36m[K~~~~^~~~~[m[K
[01m[K/usr/include/c++/9/bits/basic_string.h:6551:3:[m[K [01;36m[Knote: [m[Kcandidate: ‘[01m[Kstd::string std::__cxx11::to_string(unsigned int)[m[K’
 6551 |   [01;36m[Kto_string[m[K(unsigned __val)
      |   [01;36m[K^~~~~~~~~[m[K
[01m[K/usr/include/c++/9/bits/basic_string.h:6551:22:[m[K [01;36m[Knote: [m[K  no known conversion for argument 1 from ‘[01m[Kgeometry_msgs::PoseStamped[m[K’ {aka ‘[01m[Kgeometry_msgs::PoseStamped_<std::allocator<void> >[m[K’} to ‘[01m[Kunsigned int[m[K’
 6551 |   to_string([01;36m[Kunsigned __val[m[K)
      |             [01;36m[K~~~~~~~~~^~~~~[m[K
[01m[K/usr/include/c++/9/bits/basic_string.h:6557:3:[m[K [01;36m[Knote: [m[Kcandidate: ‘[01m[Kstd::string std::__cxx11::to_string(long int)[m[K’
 6557 |   [01;36m[Kto_string[m[K(long __val)
      |   [01;36m[K^~~~~~~~~[m[K
[01m[K/usr/include/c++/9/bits/basic_string.h:6557:18:[m[K [01;36m[Knote: [m[K  no known conversion for argument 1 from ‘[01m[Kgeometry_msgs::PoseStamped[m[K’ {aka ‘[01m[Kgeometry_msgs::PoseStamped_<std::allocator<void> >[m[K’} to ‘[01m[Klong int[m[K’
 6557 |   to_string([01;36m[Klong __val[m[K)
      |             [01;36m[K~~~~~^~~~~[m[K
[01m[K/usr/include/c++/9/bits/basic_string.h:6562:3:[m[K [01;36m[Knote: [m[Kcandidate: ‘[01m[Kstd::string std::__cxx11::to_string(long unsigned int)[m[K’
 6562 |   [01;36m[Kto_string[m[K(unsigned long __val)
      |   [01;36m[K^~~~~~~~~[m[K
[01m[K/usr/include/c++/9/bits/basic_string.h:6562:27:[m[K [01;36m[Knote: [m[K  no known conversion for argument 1 from ‘[01m[Kgeometry_msgs::PoseStamped[m[K’ {aka ‘[01m[Kgeometry_msgs::PoseStamped_<std::allocator<void> >[m[K’} to ‘[01m[Klong unsigned int[m[K’
 6562 |   to_string([01;36m[Kunsigned long __val[m[K)
      |             [01;36m[K~~~~~~~~~~~~~~^~~~~[m[K
[01m[K/usr/include/c++/9/bits/basic_string.h:6568:3:[m[K [01;36m[Knote: [m[Kcandidate: ‘[01m[Kstd::string std::__cxx11::to_string(long long int)[m[K’
 6568 |   [01;36m[Kto_string[m[K(long long __val)
      |   [01;36m[K^~~~~~~~~[m[K
[01m[K/usr/include/c++/9/bits/basic_string.h:6568:23:[m[K [01;36m[Knote: [m[K  no known conversion for argument 1 from ‘[01m[Kgeometry_msgs::PoseStamped[m[K’ {aka ‘[01m[Kgeometry_msgs::PoseStamped_<std::allocator<void> >[m[K’} to ‘[01m[Klong long int[m[K’
 6568 |   to_string([01;36m[Klong long __val[m[K)
      |             [01;36m[K~~~~~~~~~~^~~~~[m[K
[01m[K/usr/include/c++/9/bits/basic_string.h:6574:3:[m[K [01;36m[Knote: [m[Kcandidate: ‘[01m[Kstd::string std::__cxx11::to_string(long long unsigned int)[m[K’
 6574 |   [01;36m[Kto_string[m[K(unsigned long long __val)
      |   [01;36m[K^~~~~~~~~[m[K
[01m[K/usr/include/c++/9/bits/basic_string.h:6574:32:[m[K [01;36m[Knote: [m[K  no known conversion for argument 1 from ‘[01m[Kgeometry_msgs::PoseStamped[m[K’ {aka ‘[01m[Kgeometry_msgs::PoseStamped_<std::allocator<void> >[m[K’} to ‘[01m[Klong long unsigned int[m[K’
 6574 |   to_string([01;36m[Kunsigned long long __val[m[K)
      |             [01;36m[K~~~~~~~~~~~~~~~~~~~^~~~~[m[K
[01m[K/usr/include/c++/9/bits/basic_string.h:6580:3:[m[K [01;36m[Knote: [m[Kcandidate: ‘[01m[Kstd::string std::__cxx11::to_string(float)[m[K’
 6580 |   [01;36m[Kto_string[m[K(float __val)
      |   [01;36m[K^~~~~~~~~[m[K
[01m[K/usr/include/c++/9/bits/basic_string.h:6580:19:[m[K [01;36m[Knote: [m[K  no known conversion for argument 1 from ‘[01m[Kgeometry_msgs::PoseStamped[m[K’ {aka ‘[01m[Kgeometry_msgs::PoseStamped_<std::allocator<void> >[m[K’} to ‘[01m[Kfloat[m[K’
 6580 |   to_string([01;36m[Kfloat __val[m[K)
      |             [01;36m[K~~~~~~^~~~~[m[K
[01m[K/usr/include/c++/9/bits/basic_string.h:6589:3:[m[K [01;36m[Knote: [m[Kcandidate: ‘[01m[Kstd::string std::__cxx11::to_string(double)[m[K’
 6589 |   [01;36m[Kto_string[m[K(double __val)
      |   [01;36m[K^~~~~~~~~[m[K
[01m[K/usr/include/c++/9/bits/basic_string.h:6589:20:[m[K [01;36m[Knote: [m[K  no known conversion for argument 1 from ‘[01m[Kgeometry_msgs::PoseStamped[m[K’ {aka ‘[01m[Kgeometry_msgs::PoseStamped_<std::allocator<void> >[m[K’} to ‘[01m[Kdouble[m[K’
 6589 |   to_string([01;36m[Kdouble __val[m[K)
      |             [01;36m[K~~~~~~~^~~~~[m[K
[01m[K/usr/include/c++/9/bits/basic_string.h:6598:3:[m[K [01;36m[Knote: [m[Kcandidate: ‘[01m[Kstd::string std::__cxx11::to_string(long double)[m[K’
 6598 |   [01;36m[Kto_string[m[K(long double __val)
      |   [01;36m[K^~~~~~~~~[m[K
[01m[K/usr/include/c++/9/bits/basic_string.h:6598:25:[m[K [01;36m[Knote: [m[K  no known conversion for argument 1 from ‘[01m[Kgeometry_msgs::PoseStamped[m[K’ {aka ‘[01m[Kgeometry_msgs::PoseStamped_<std::allocator<void> >[m[K’} to ‘[01m[Klong double[m[K’
 6598 |   to_string([01;36m[Klong double __val[m[K)
      |             [01;36m[K~~~~~~~~~~~~^~~~~[m[K
make[2]: *** [CMakeFiles/path_generator_node.dir/build.make:63: CMakeFiles/path_generator_node.dir/src/sim_path.cpp.o] Error 1
make[1]: *** [CMakeFiles/Makefile2:206: CMakeFiles/path_generator_node.dir/all] Error 2
make: *** [Makefile:141: all] Error 2
